
Showing logs for build [32mcb-kubecd-environment-pr-102-98-zbqzp-1[0m stage [32mfrom-build-pack[0m and container [32mstep-credential-initializer-f76qz[0m
{"level":"warn","ts":1576836072.111514,"logger":"fallback-logger","caller":"logging/config.go:69","msg":"Fetch GitHub commit ID from kodata failed: \"ref: refs/heads/master\" is not a valid GitHub commit ID"}
{"level":"info","ts":1576836072.112197,"logger":"fallback-logger","caller":"creds-init/main.go:40","msg":"Credentials initialized."}

Showing logs for build [32mcb-kubecd-environment-pr-102-98-zbqzp-1[0m stage [32mfrom-build-pack[0m and container [32mstep-working-dir-initializer-f7ngb[0m
{"level":"warn","ts":1576836073.2037578,"logger":"fallback-logger","caller":"logging/config.go:69","msg":"Fetch GitHub commit ID from kodata failed: open /var/run/ko/HEAD: no such file or directory"}
{"level":"info","ts":1576836073.206582,"logger":"fallback-logger","caller":"bash/main.go:65","msg":"Successfully executed command \"mkdir -p /workspace/source\""}

Showing logs for build [32mcb-kubecd-environment-pr-102-98-zbqzp-1[0m stage [32mfrom-build-pack[0m and container [32mstep-place-tools[0m

Showing logs for build [32mcb-kubecd-environment-pr-102-98-zbqzp-1[0m stage [32mfrom-build-pack[0m and container [32mstep-git-source-cb-kubecd-environment-pr-102-98-8jsr7[0m
{"level":"warn","ts":1576836078.3314776,"logger":"fallback-logger","caller":"logging/config.go:69","msg":"Fetch GitHub commit ID from kodata failed: \"ref: refs/heads/master\" is not a valid GitHub commit ID"}
{"level":"info","ts":1576836079.5636468,"logger":"fallback-logger","caller":"git/git.go:102","msg":"Successfully cloned https://github.com/cb-kubecd/environment-pr-102-98-boot-gke-**ui-staging.git @ master in path /workspace/source"}

Showing logs for build [32mcb-kubecd-environment-pr-102-98-zbqzp-1[0m stage [32mfrom-build-pack[0m and container [32mstep-git-merge[0m
Using SHAs from PULL_REFS=master:fe5f6f94ec5ca82a0f03ead1d1fcffe6081da5a4,1:4bfa53fecb5ede71dd7400f5ee795bb17a8f7afb
DEBUG: ran git fetch --unshallow origin 4bfa53fecb5ede71dd7400f5ee795bb17a8f7afb: fe5f6f94ec5ca82a0f03ead1d1fcffe6081da5a4: in 
DEBUG: ran git checkout master in 
DEBUG: ran git reset --hard fe5f6f94ec5ca82a0f03ead1d1fcffe6081da5a4 in 
DEBUG: ran clean --force -d . in 
DEBUG: ran git merge 4bfa53fecb5ede71dd7400f5ee795bb17a8f7afb in 
Merged SHA 4bfa53fecb5ede71dd7400f5ee795bb17a8f7afb with commit message 'chore: Promote bdd-nh-1576835271 to version 0.0.1' into base branch master

Showing logs for build [32mcb-kubecd-environment-pr-102-98-zbqzp-1[0m stage [32mfrom-build-pack[0m and container [32mstep-build-helm-build[0m
WARNING: No $CHART_REPOSITORY defined so using the default value of: http://jenkins-x-chartmuseum:8080
Adding missing Helm repo: storage.googleapis.com https://storage.googleapis.com/chartmuseum.jenkins-x.io
Read credentials for https://storage.googleapis.com/chartmuseum.jenkins-x.io from vault helm/repos
Successfully added Helm repository storage.googleapis.com.
Adding missing Helm repo: jenkins-x-chartmuseum http://jenkins-x-chartmuseum:8080
Read credentials for http://jenkins-x-chartmuseum:8080 from vault helm/repos
Successfully added Helm repository jenkins-x-chartmuseum.
WARNING: No $CHART_REPOSITORY defined so using the default value of: http://jenkins-x-chartmuseum:8080
Adding missing Helm repo: chartmuseum.jenkins-x.io http://chartmuseum.jenkins-x.io
Read credentials for http://chartmuseum.jenkins-x.io from vault helm/repos
Successfully added Helm repository chartmuseum.jenkins-x.io.
